<?xml version="1.0" encoding="UTF-8"?>
<testng-results ignored="0" total="2" passed="2" failed="0" skipped="0">
  <reporter-output>
  </reporter-output>
  <suite started-at="2025-09-01T15:48:26 IST" name="Default suite" finished-at="2025-09-01T15:48:39 IST" duration-ms="12881">
    <groups>
    </groups>
    <test started-at="2025-09-01T15:48:26 IST" name="Default test" finished-at="2025-09-01T15:48:39 IST" duration-ms="12881">
      <class name="tests.LoginTest">
        <test-method is-config="true" signature="beforeSuite()[pri:0, instance:tests.LoginTest@6440112d]" started-at="2025-09-01T15:48:26 IST" name="beforeSuite" finished-at="2025-09-01T15:48:26 IST" duration-ms="116" status="PASS">
          <reporter-output>
          </reporter-output>
        </test-method> <!-- beforeSuite -->
        <test-method is-config="true" signature="setUp(java.lang.reflect.Method)[pri:0, instance:tests.LoginTest@6440112d]" started-at="2025-09-01T15:48:26 IST" name="setUp" finished-at="2025-09-01T15:48:31 IST" duration-ms="5282" status="PASS">
          <params>
            <param index="0">
              <value>
                <![CDATA[public void tests.LoginTest.loginTest()]]>
              </value>
            </param>
          </params>
          <reporter-output>
          </reporter-output>
        </test-method> <!-- setUp -->
        <test-method signature="loginTest()[pri:0, instance:tests.LoginTest@6440112d]" started-at="2025-09-01T15:48:31 IST" name="loginTest" finished-at="2025-09-01T15:48:34 IST" duration-ms="2660" status="PASS">
          <reporter-output>
          </reporter-output>
        </test-method> <!-- loginTest -->
        <test-method is-config="true" signature="tearDown()[pri:0, instance:tests.LoginTest@6440112d]" started-at="2025-09-01T15:48:34 IST" name="tearDown" finished-at="2025-09-01T15:48:34 IST" duration-ms="109" status="PASS">
          <reporter-output>
          </reporter-output>
        </test-method> <!-- tearDown -->
        <test-method is-config="true" signature="setUp(java.lang.reflect.Method)[pri:0, instance:tests.LoginTest@6440112d]" started-at="2025-09-01T15:48:34 IST" name="setUp" finished-at="2025-09-01T15:48:39 IST" duration-ms="4649" status="PASS">
          <params>
            <param index="0">
              <value>
                <![CDATA[public void tests.LoginTest.loginTitleTest()]]>
              </value>
            </param>
          </params>
          <reporter-output>
          </reporter-output>
        </test-method> <!-- setUp -->
        <test-method signature="loginTitleTest()[pri:0, instance:tests.LoginTest@6440112d]" started-at="2025-09-01T15:48:39 IST" name="loginTitleTest" finished-at="2025-09-01T15:48:39 IST" duration-ms="8" status="PASS">
          <reporter-output>
          </reporter-output>
        </test-method> <!-- loginTitleTest -->
        <test-method is-config="true" signature="tearDown()[pri:0, instance:tests.LoginTest@6440112d]" started-at="2025-09-01T15:48:39 IST" name="tearDown" finished-at="2025-09-01T15:48:39 IST" duration-ms="93" status="PASS">
          <reporter-output>
          </reporter-output>
        </test-method> <!-- tearDown -->
        <test-method is-config="true" signature="afterSuite()[pri:0, instance:tests.LoginTest@6440112d]" started-at="2025-09-01T15:48:39 IST" name="afterSuite" finished-at="2025-09-01T15:48:39 IST" duration-ms="238" status="PASS">
          <reporter-output>
          </reporter-output>
        </test-method> <!-- afterSuite -->
      </class> <!-- tests.LoginTest -->
    </test> <!-- Default test -->
  </suite> <!-- Default suite -->
</testng-results>
