<?xml version="1.0" encoding="UTF-8"?>
<testng-results ignored="0" total="1" passed="1" failed="0" skipped="0">
  <reporter-output>
  </reporter-output>
  <suite started-at="2025-08-31T20:34:46 IST" name="Surefire suite" finished-at="2025-08-31T20:34:54 IST" duration-ms="7668">
    <groups>
    </groups>
    <test started-at="2025-08-31T20:34:46 IST" name="Surefire test" finished-at="2025-08-31T20:34:54 IST" duration-ms="7668">
      <class name="tests.LoginTest">
        <test-method is-config="true" signature="beforeSuite()[pri:0, instance:tests.LoginTest@223aa2f7]" started-at="2025-08-31T20:34:46 IST" name="beforeSuite" finished-at="2025-08-31T20:34:46 IST" duration-ms="117" status="PASS">
          <reporter-output>
          </reporter-output>
        </test-method> <!-- beforeSuite -->
        <test-method is-config="true" signature="setUp(java.lang.reflect.Method)[pri:0, instance:tests.LoginTest@223aa2f7]" started-at="2025-08-31T20:34:46 IST" name="setUp" finished-at="2025-08-31T20:34:52 IST" duration-ms="5712" status="PASS">
          <params>
            <param index="0">
              <value>
                <![CDATA[public void tests.LoginTest.loginTest()]]>
              </value>
            </param>
          </params>
          <reporter-output>
          </reporter-output>
        </test-method> <!-- setUp -->
        <test-method signature="loginTest()[pri:0, instance:tests.LoginTest@223aa2f7]" started-at="2025-08-31T20:34:52 IST" name="loginTest" finished-at="2025-08-31T20:34:54 IST" duration-ms="1796" status="PASS">
          <reporter-output>
          </reporter-output>
        </test-method> <!-- loginTest -->
        <test-method is-config="true" signature="tearDown()[pri:0, instance:tests.LoginTest@223aa2f7]" started-at="2025-08-31T20:34:54 IST" name="tearDown" finished-at="2025-08-31T20:34:54 IST" duration-ms="95" status="PASS">
          <reporter-output>
          </reporter-output>
        </test-method> <!-- tearDown -->
        <test-method is-config="true" signature="afterSuite()[pri:0, instance:tests.LoginTest@223aa2f7]" started-at="2025-08-31T20:34:54 IST" name="afterSuite" finished-at="2025-08-31T20:34:54 IST" duration-ms="250" status="PASS">
          <reporter-output>
          </reporter-output>
        </test-method> <!-- afterSuite -->
      </class> <!-- tests.LoginTest -->
    </test> <!-- Surefire test -->
  </suite> <!-- Surefire suite -->
</testng-results>
