<?xml version="1.0" encoding="UTF-8"?>
<testng-results ignored="0" total="2" passed="2" failed="0" skipped="0">
  <reporter-output>
  </reporter-output>
  <suite started-at="2025-08-31T20:40:11 IST" name="Suite" finished-at="2025-08-31T20:40:26 IST" duration-ms="14645">
    <groups>
    </groups>
    <test started-at="2025-08-31T20:40:11 IST" name="Test" finished-at="2025-08-31T20:40:26 IST" duration-ms="14645">
      <class name="tests.LoginTest">
        <test-method is-config="true" signature="beforeSuite()[pri:0, instance:tests.LoginTest@5032714f]" started-at="2025-08-31T20:40:11 IST" name="beforeSuite" finished-at="2025-08-31T20:40:11 IST" duration-ms="120" status="PASS">
          <reporter-output>
          </reporter-output>
        </test-method> <!-- beforeSuite -->
        <test-method is-config="true" signature="setUp(java.lang.reflect.Method)[pri:0, instance:tests.LoginTest@5032714f]" started-at="2025-08-31T20:40:11 IST" name="setUp" finished-at="2025-08-31T20:40:17 IST" duration-ms="5390" status="PASS">
          <params>
            <param index="0">
              <value>
                <![CDATA[public void tests.LoginTest.loginTest()]]>
              </value>
            </param>
          </params>
          <reporter-output>
          </reporter-output>
        </test-method> <!-- setUp -->
        <test-method signature="loginTest()[pri:0, instance:tests.LoginTest@5032714f]" started-at="2025-08-31T20:40:17 IST" name="loginTest" finished-at="2025-08-31T20:40:21 IST" duration-ms="4482" status="PASS">
          <reporter-output>
          </reporter-output>
        </test-method> <!-- loginTest -->
        <test-method is-config="true" signature="tearDown()[pri:0, instance:tests.LoginTest@5032714f]" started-at="2025-08-31T20:40:21 IST" name="tearDown" finished-at="2025-08-31T20:40:21 IST" duration-ms="101" status="PASS">
          <reporter-output>
          </reporter-output>
        </test-method> <!-- tearDown -->
        <test-method is-config="true" signature="setUp(java.lang.reflect.Method)[pri:0, instance:tests.LoginTest@5032714f]" started-at="2025-08-31T20:40:22 IST" name="setUp" finished-at="2025-08-31T20:40:26 IST" duration-ms="4506" status="PASS">
          <params>
            <param index="0">
              <value>
                <![CDATA[public void tests.LoginTest.loginTitleTest()]]>
              </value>
            </param>
          </params>
          <reporter-output>
          </reporter-output>
        </test-method> <!-- setUp -->
        <test-method signature="loginTitleTest()[pri:0, instance:tests.LoginTest@5032714f]" started-at="2025-08-31T20:40:26 IST" name="loginTitleTest" finished-at="2025-08-31T20:40:26 IST" duration-ms="6" status="PASS">
          <reporter-output>
          </reporter-output>
        </test-method> <!-- loginTitleTest -->
        <test-method is-config="true" signature="tearDown()[pri:0, instance:tests.LoginTest@5032714f]" started-at="2025-08-31T20:40:26 IST" name="tearDown" finished-at="2025-08-31T20:40:26 IST" duration-ms="89" status="PASS">
          <reporter-output>
          </reporter-output>
        </test-method> <!-- tearDown -->
        <test-method is-config="true" signature="afterSuite()[pri:0, instance:tests.LoginTest@5032714f]" started-at="2025-08-31T20:40:26 IST" name="afterSuite" finished-at="2025-08-31T20:40:26 IST" duration-ms="239" status="PASS">
          <reporter-output>
          </reporter-output>
        </test-method> <!-- afterSuite -->
      </class> <!-- tests.LoginTest -->
    </test> <!-- Test -->
  </suite> <!-- Suite -->
</testng-results>
