<?xml version="1.0" encoding="UTF-8"?>
<testng-results ignored="0" total="1" passed="1" failed="0" skipped="0">
  <reporter-output>
  </reporter-output>
  <suite started-at="2025-08-31T20:25:31 IST" name="Suite" finished-at="2025-08-31T20:25:41 IST" duration-ms="10346">
    <groups>
    </groups>
    <test started-at="2025-08-31T20:25:31 IST" name="Test" finished-at="2025-08-31T20:25:41 IST" duration-ms="10346">
      <class name="tests.LoginTest">
        <test-method is-config="true" signature="beforeSuite()[pri:0, instance:tests.LoginTest@5524cca1]" started-at="2025-08-31T20:25:31 IST" name="beforeSuite" finished-at="2025-08-31T20:25:31 IST" duration-ms="125" status="PASS">
          <reporter-output>
          </reporter-output>
        </test-method> <!-- beforeSuite -->
        <test-method is-config="true" signature="setUp(java.lang.reflect.Method)[pri:0, instance:tests.LoginTest@5524cca1]" started-at="2025-08-31T20:25:31 IST" name="setUp" finished-at="2025-08-31T20:25:37 IST" duration-ms="6298" status="PASS">
          <params>
            <param index="0">
              <value>
                <![CDATA[public void tests.LoginTest.loginTest()]]>
              </value>
            </param>
          </params>
          <reporter-output>
          </reporter-output>
        </test-method> <!-- setUp -->
        <test-method signature="loginTest()[pri:0, instance:tests.LoginTest@5524cca1]" started-at="2025-08-31T20:25:37 IST" name="loginTest" finished-at="2025-08-31T20:25:41 IST" duration-ms="3876" status="PASS">
          <reporter-output>
          </reporter-output>
        </test-method> <!-- loginTest -->
        <test-method is-config="true" signature="tearDown()[pri:0, instance:tests.LoginTest@5524cca1]" started-at="2025-08-31T20:25:41 IST" name="tearDown" finished-at="2025-08-31T20:25:41 IST" duration-ms="107" status="PASS">
          <reporter-output>
          </reporter-output>
        </test-method> <!-- tearDown -->
        <test-method is-config="true" signature="afterSuite()[pri:0, instance:tests.LoginTest@5524cca1]" started-at="2025-08-31T20:25:41 IST" name="afterSuite" finished-at="2025-08-31T20:25:42 IST" duration-ms="241" status="PASS">
          <reporter-output>
          </reporter-output>
        </test-method> <!-- afterSuite -->
      </class> <!-- tests.LoginTest -->
    </test> <!-- Test -->
  </suite> <!-- Suite -->
</testng-results>
